nohup: ignoring input

══════════════════════════════════════════════════════════
  REES46 BAGNN — Data Preparation Pipeline  [Spark + Pandas hybrid]
══════════════════════════════════════════════════════════
[INFO ]  Project root          : /data_recsys/heterogeneous-graph-based-ecom-recsys
[INFO ]  CSV glob              : data/raw/*.csv
[INFO ]  Data dir              : (auto: data/processed/temporal)
[INFO ]  Struct dir            : (auto: data/processed/temporal/node_mappings)
[INFO ]  Target behavior       : purchase
[INFO ]  Min interactions      : (from spark_config.yaml)
[INFO ]  Min item interactions : (from spark_config.yaml)
[INFO ]  Log level             : INFO
[INFO ]  Start time            : 2026-04-07 14:25:13

══════════════════════════════════════════════════════════
  Step 1/4 — Validating Java runtime (required by PySpark)
══════════════════════════════════════════════════════════
[  OK ]  Java found: openjdk version "11.0.30" 2026-01-20

══════════════════════════════════════════════════════════
  Step 2/4 — Activating Conda environment 'recsys_env'
══════════════════════════════════════════════════════════
[  OK ]  Conda environment activated.
[INFO ]  Python : Python 3.11.15
[INFO ]  PySpark: 3.5.1
[INFO ]  Torch  : 2.4.1+cu121
[INFO ]  CUDA   : 12.1

══════════════════════════════════════════════════════════
  Step 3/4 — Configuring runtime environment
══════════════════════════════════════════════════════════
[  OK ]  PYTORCH_CUDA_ALLOC_CONF=expandable_segments:True
[  OK ]  PYTHONPATH includes project root.
[  OK ]  Spark temp dirs created: data/spark-temp  data/spark-checkpoints

══════════════════════════════════════════════════════════
  Step 4/4 — Running prepare_data.py  [Global Temporal Split]
══════════════════════════════════════════════════════════
14:25:19  INFO     ============================================================
14:25:19  INFO     REES46 BAGNN Data Preparation (Global Temporal Split)
14:25:19  INFO     ============================================================
14:25:19  INFO     spark-config         : /data_recsys/heterogeneous-graph-based-ecom-recsys/config/spark_config.yaml
14:25:19  INFO     csv-glob             : data/raw/*.csv
14:25:19  INFO     data-dir             : data/processed/temporal
14:25:19  INFO     struct-dir           : data/processed/temporal/node_mappings
14:25:19  INFO     target-behavior      : purchase
14:25:19  INFO     min-interactions     : 5
14:25:19  INFO     min-item-interactions: 5
14:25:19  INFO     filter-rounds        : 3
14:25:19  INFO     train-end            : 2020-02-29
14:25:19  INFO     val-end              : 2020-03-31
Setting default log level to "WARN".
To adjust logging level use sc.setLogLevel(newLevel). For SparkR, use setLogLevel(newLevel).
26/04/07 14:25:24 WARN NativeCodeLoader: Unable to load native-hadoop library for your platform... using builtin-java classes where applicable
26/04/07 14:25:24 WARN SparkConf: Note that spark.local.dir will be overridden by the value set by the cluster manager (via SPARK_LOCAL_DIRS in mesos/standalone/kubernetes and LOCAL_DIRS in YARN).
14:25:25  INFO     Cleaned up stale checkpoint dir: data/spark-checkpoints
14:25:25  INFO     SparkSession ready — master=local[*]  driver_mem=30g  shuffle_parts=200  AQE=on
14:25:27  INFO     Queued lazy CSV read: data/raw/*.csv

[Stage 0:>                                                       (0 + 16) / 212]

[Stage 0:>               (0 + 16) / 212][Stage 1:>                (0 + 0) / 212]

[Stage 0:>               (1 + 16) / 212][Stage 1:>                (0 + 0) / 212]

[Stage 0:>               (2 + 16) / 212][Stage 1:>                (0 + 0) / 212]

[Stage 0:>               (4 + 16) / 212][Stage 1:>                (0 + 0) / 212]

[Stage 0:>               (8 + 16) / 212][Stage 1:>                (0 + 0) / 212]

[Stage 0:>              (11 + 16) / 212][Stage 1:>                (0 + 0) / 212]

[Stage 0:>              (12 + 16) / 212][Stage 1:>                (0 + 0) / 212]

[Stage 0:>              (14 + 16) / 212][Stage 1:>                (0 + 0) / 212]

[Stage 0:=>             (16 + 16) / 212][Stage 1:>                (0 + 0) / 212]

[Stage 0:=>             (17 + 16) / 212][Stage 1:>                (0 + 0) / 212]

[Stage 0:=>             (18 + 16) / 212][Stage 1:>                (0 + 0) / 212]

[Stage 0:=>             (19 + 16) / 212][Stage 1:>                (0 + 0) / 212]

[Stage 0:=>             (20 + 16) / 212][Stage 1:>                (0 + 0) / 212]

[Stage 0:=>             (21 + 16) / 212][Stage 1:>                (0 + 0) / 212]

[Stage 0:=>             (22 + 16) / 212][Stage 1:>                (0 + 0) / 212]

[Stage 0:=>             (24 + 16) / 212][Stage 1:>                (0 + 0) / 212]

[Stage 0:=>             (25 + 16) / 212][Stage 1:>                (0 + 0) / 212]

[Stage 0:=>             (27 + 16) / 212][Stage 1:>                (0 + 0) / 212]

[Stage 0:=>             (28 + 16) / 212][Stage 1:>                (0 + 0) / 212]

[Stage 0:==>            (30 + 16) / 212][Stage 1:>                (0 + 0) / 212]

[Stage 0:==>            (32 + 16) / 212][Stage 1:>                (0 + 0) / 212]

[Stage 0:==>            (33 + 16) / 212][Stage 1:>                (0 + 0) / 212]

[Stage 0:==>            (34 + 16) / 212][Stage 1:>                (0 + 0) / 212]

[Stage 0:==>            (35 + 16) / 212][Stage 1:>                (0 + 0) / 212]

[Stage 0:==>            (36 + 16) / 212][Stage 1:>                (0 + 0) / 212]

[Stage 0:==>            (37 + 16) / 212][Stage 1:>                (0 + 0) / 212]

[Stage 0:==>            (38 + 16) / 212][Stage 1:>                (0 + 0) / 212]

[Stage 0:==>            (39 + 16) / 212][Stage 1:>                (0 + 0) / 212]

[Stage 0:==>            (40 + 16) / 212][Stage 1:>                (0 + 0) / 212]

[Stage 0:==>            (41 + 16) / 212][Stage 1:>                (0 + 0) / 212]

[Stage 0:==>            (42 + 16) / 212][Stage 1:>                (0 + 0) / 212]

[Stage 0:===>           (43 + 16) / 212][Stage 1:>                (0 + 0) / 212]

[Stage 0:===>           (45 + 16) / 212][Stage 1:>                (0 + 0) / 212]

[Stage 0:===>           (46 + 16) / 212][Stage 1:>                (0 + 0) / 212]

[Stage 0:===>           (47 + 16) / 212][Stage 1:>                (0 + 0) / 212]

[Stage 0:===>           (48 + 16) / 212][Stage 1:>                (0 + 0) / 212]

[Stage 0:===>           (49 + 16) / 212][Stage 1:>                (0 + 0) / 212]

[Stage 0:===>           (50 + 16) / 212][Stage 1:>                (0 + 0) / 212]

[Stage 0:===>           (50 + 17) / 212][Stage 1:>                (0 + 0) / 212]

[Stage 0:===>           (51 + 16) / 212][Stage 1:>                (0 + 0) / 212]

[Stage 0:===>           (52 + 16) / 212][Stage 1:>                (0 + 0) / 212]

[Stage 0:===>           (53 + 16) / 212][Stage 1:>                (0 + 0) / 212]

[Stage 0:===>           (54 + 16) / 212][Stage 1:>                (0 + 0) / 212]

[Stage 0:===>           (55 + 16) / 212][Stage 1:>                (0 + 0) / 212]

[Stage 0:===>           (56 + 16) / 212][Stage 1:>                (0 + 0) / 212]

[Stage 0:====>          (57 + 16) / 212][Stage 1:>                (0 + 0) / 212]

[Stage 0:====>          (58 + 16) / 212][Stage 1:>                (0 + 0) / 212]

[Stage 0:====>          (59 + 16) / 212][Stage 1:>                (0 + 0) / 212]

[Stage 0:====>          (60 + 16) / 212][Stage 1:>                (0 + 0) / 212]

[Stage 0:====>          (61 + 16) / 212][Stage 1:>                (0 + 0) / 212]

[Stage 0:====>          (63 + 16) / 212][Stage 1:>                (0 + 0) / 212]

[Stage 0:====>          (64 + 16) / 212][Stage 1:>                (0 + 0) / 212]

[Stage 0:====>          (65 + 16) / 212][Stage 1:>                (0 + 0) / 212]

[Stage 0:====>          (66 + 16) / 212][Stage 1:>                (0 + 0) / 212]

[Stage 0:====>          (68 + 16) / 212][Stage 1:>                (0 + 0) / 212]

[Stage 0:====>          (69 + 16) / 212][Stage 1:>                (0 + 0) / 212]

[Stage 0:====>          (70 + 16) / 212][Stage 1:>                (0 + 0) / 212]

[Stage 0:=====>         (71 + 16) / 212][Stage 1:>                (0 + 0) / 212]

[Stage 0:=====>         (72 + 16) / 212][Stage 1:>                (0 + 0) / 212]

[Stage 0:=====>         (73 + 16) / 212][Stage 1:>                (0 + 0) / 212]

[Stage 0:=====>         (74 + 16) / 212][Stage 1:>                (0 + 0) / 212]

[Stage 0:=====>         (76 + 16) / 212][Stage 1:>                (0 + 0) / 212]

[Stage 0:=====>         (77 + 16) / 212][Stage 1:>                (0 + 0) / 212]

[Stage 0:=====>         (78 + 16) / 212][Stage 1:>                (0 + 0) / 212]

[Stage 0:=====>         (79 + 16) / 212][Stage 1:>                (0 + 0) / 212]

[Stage 0:=====>         (80 + 16) / 212][Stage 1:>                (0 + 0) / 212]

[Stage 0:=====>         (81 + 16) / 212][Stage 1:>                (0 + 0) / 212]

[Stage 0:=====>         (82 + 16) / 212][Stage 1:>                (0 + 0) / 212]

[Stage 0:=====>         (84 + 16) / 212][Stage 1:>                (0 + 0) / 212]

[Stage 0:======>        (85 + 16) / 212][Stage 1:>                (0 + 0) / 212]

[Stage 0:======>        (86 + 16) / 212][Stage 1:>                (0 + 0) / 212]

[Stage 0:======>        (87 + 16) / 212][Stage 1:>                (0 + 0) / 212]

[Stage 0:======>        (88 + 16) / 212][Stage 1:>                (0 + 0) / 212]

[Stage 0:======>        (89 + 16) / 212][Stage 1:>                (0 + 0) / 212]

[Stage 0:======>        (90 + 16) / 212][Stage 1:>                (0 + 0) / 212]

[Stage 0:======>        (91 + 16) / 212][Stage 1:>                (0 + 0) / 212]

[Stage 0:======>        (92 + 16) / 212][Stage 1:>                (0 + 0) / 212]

[Stage 0:======>        (93 + 16) / 212][Stage 1:>                (0 + 0) / 212]

[Stage 0:======>        (94 + 16) / 212][Stage 1:>                (0 + 0) / 212]

[Stage 0:======>        (95 + 16) / 212][Stage 1:>                (0 + 0) / 212]

[Stage 0:======>        (96 + 16) / 212][Stage 1:>                (0 + 0) / 212]

[Stage 0:======>        (97 + 16) / 212][Stage 1:>                (0 + 0) / 212]

[Stage 0:======>        (98 + 16) / 212][Stage 1:>                (0 + 0) / 212]

[Stage 0:======>       (100 + 16) / 212][Stage 1:>                (0 + 0) / 212]

[Stage 0:======>       (101 + 16) / 212][Stage 1:>                (0 + 0) / 212]

[Stage 0:======>       (102 + 16) / 212][Stage 1:>                (0 + 0) / 212]

[Stage 0:======>       (103 + 16) / 212][Stage 1:>                (0 + 0) / 212]

[Stage 0:======>       (104 + 16) / 212][Stage 1:>                (0 + 0) / 212]

[Stage 0:======>       (105 + 16) / 212][Stage 1:>                (0 + 0) / 212]

[Stage 0:=======>      (106 + 16) / 212][Stage 1:>                (0 + 0) / 212]

[Stage 0:=======>      (107 + 16) / 212][Stage 1:>                (0 + 0) / 212]

[Stage 0:=======>      (108 + 16) / 212][Stage 1:>                (0 + 0) / 212]

[Stage 0:=======>      (109 + 16) / 212][Stage 1:>                (0 + 0) / 212]

[Stage 0:=======>      (110 + 16) / 212][Stage 1:>                (0 + 0) / 212]

[Stage 0:=======>      (111 + 16) / 212][Stage 1:>                (0 + 0) / 212]

[Stage 0:=======>      (112 + 16) / 212][Stage 1:>                (0 + 0) / 212]

[Stage 0:=======>      (113 + 16) / 212][Stage 1:>                (0 + 0) / 212]

[Stage 0:=======>      (114 + 16) / 212][Stage 1:>                (0 + 0) / 212]

[Stage 0:=======>      (116 + 16) / 212][Stage 1:>                (0 + 0) / 212]

[Stage 0:=======>      (117 + 16) / 212][Stage 1:>                (0 + 0) / 212]

[Stage 0:=======>      (118 + 16) / 212][Stage 1:>                (0 + 0) / 212]

[Stage 0:=======>      (119 + 16) / 212][Stage 1:>                (0 + 0) / 212]

[Stage 0:=======>      (120 + 16) / 212][Stage 1:>                (0 + 0) / 212]

[Stage 0:=======>      (121 + 16) / 212][Stage 1:>                (0 + 0) / 212]

[Stage 0:========>     (122 + 16) / 212][Stage 1:>                (0 + 0) / 212]

[Stage 0:========>     (123 + 16) / 212][Stage 1:>                (0 + 0) / 212]

[Stage 0:========>     (124 + 16) / 212][Stage 1:>                (0 + 0) / 212]

[Stage 0:========>     (126 + 16) / 212][Stage 1:>                (0 + 0) / 212]

[Stage 0:========>     (127 + 16) / 212][Stage 1:>                (0 + 0) / 212]

[Stage 0:========>     (128 + 16) / 212][Stage 1:>                (0 + 0) / 212]

[Stage 0:========>     (129 + 16) / 212][Stage 1:>                (0 + 0) / 212]

[Stage 0:========>     (130 + 16) / 212][Stage 1:>                (0 + 0) / 212]

[Stage 0:========>     (131 + 16) / 212][Stage 1:>                (0 + 0) / 212]

[Stage 0:========>     (132 + 16) / 212][Stage 1:>                (0 + 0) / 212]

[Stage 0:========>     (133 + 16) / 212][Stage 1:>                (0 + 0) / 212]

[Stage 0:========>     (134 + 16) / 212][Stage 1:>                (0 + 0) / 212]

[Stage 0:========>     (135 + 16) / 212][Stage 1:>                (0 + 0) / 212]

[Stage 0:========>     (136 + 16) / 212][Stage 1:>                (0 + 0) / 212]

[Stage 0:=========>    (137 + 16) / 212][Stage 1:>                (0 + 0) / 212]

[Stage 0:=========>    (138 + 16) / 212][Stage 1:>                (0 + 0) / 212]

[Stage 0:=========>    (139 + 16) / 212][Stage 1:>                (0 + 0) / 212]

[Stage 0:=========>    (140 + 16) / 212][Stage 1:>                (0 + 0) / 212]

[Stage 0:=========>    (141 + 16) / 212][Stage 1:>                (0 + 0) / 212]

[Stage 0:=========>    (142 + 16) / 212][Stage 1:>                (0 + 0) / 212]

[Stage 0:=========>    (143 + 16) / 212][Stage 1:>                (0 + 0) / 212]

[Stage 0:=========>    (144 + 16) / 212][Stage 1:>                (0 + 0) / 212]

[Stage 0:=========>    (145 + 16) / 212][Stage 1:>                (0 + 0) / 212]

[Stage 0:=========>    (146 + 16) / 212][Stage 1:>                (0 + 0) / 212]

[Stage 0:=========>    (147 + 16) / 212][Stage 1:>                (0 + 0) / 212]

[Stage 0:=========>    (148 + 16) / 212][Stage 1:>                (0 + 0) / 212]

[Stage 0:=========>    (149 + 16) / 212][Stage 1:>                (0 + 0) / 212]

[Stage 0:=========>    (150 + 16) / 212][Stage 1:>                (0 + 0) / 212]

[Stage 0:=========>    (151 + 16) / 212][Stage 1:>                (0 + 0) / 212]

[Stage 0:==========>   (152 + 16) / 212][Stage 1:>                (0 + 0) / 212]

[Stage 0:==========>   (153 + 16) / 212][Stage 1:>                (0 + 0) / 212]

[Stage 0:==========>   (154 + 16) / 212][Stage 1:>                (0 + 0) / 212]

[Stage 0:==========>   (155 + 16) / 212][Stage 1:>                (0 + 0) / 212]

[Stage 0:==========>   (156 + 16) / 212][Stage 1:>                (0 + 0) / 212]

[Stage 0:==========>   (157 + 16) / 212][Stage 1:>                (0 + 0) / 212]

[Stage 0:==========>   (158 + 16) / 212][Stage 1:>                (0 + 0) / 212]

[Stage 0:==========>   (159 + 16) / 212][Stage 1:>                (0 + 0) / 212]

[Stage 0:==========>   (160 + 16) / 212][Stage 1:>                (0 + 0) / 212]

[Stage 0:==========>   (161 + 16) / 212][Stage 1:>                (0 + 0) / 212]

[Stage 0:==========>   (162 + 16) / 212][Stage 1:>                (0 + 0) / 212]

[Stage 0:==========>   (163 + 16) / 212][Stage 1:>                (0 + 0) / 212]

[Stage 0:==========>   (164 + 16) / 212][Stage 1:>                (0 + 0) / 212]

[Stage 0:==========>   (165 + 16) / 212][Stage 1:>                (0 + 0) / 212]

[Stage 0:==========>   (166 + 16) / 212][Stage 1:>                (0 + 0) / 212]

[Stage 0:===========>  (167 + 16) / 212][Stage 1:>                (0 + 0) / 212]

[Stage 0:===========>  (168 + 16) / 212][Stage 1:>                (0 + 0) / 212]

[Stage 0:===========>  (169 + 16) / 212][Stage 1:>                (0 + 0) / 212]

[Stage 0:===========>  (171 + 16) / 212][Stage 1:>                (0 + 0) / 212]

[Stage 0:===========>  (172 + 16) / 212][Stage 1:>                (0 + 0) / 212]

[Stage 0:===========>  (173 + 16) / 212][Stage 1:>                (0 + 0) / 212]

[Stage 0:===========>  (174 + 16) / 212][Stage 1:>                (0 + 0) / 212]

[Stage 0:===========>  (175 + 16) / 212][Stage 1:>                (0 + 0) / 212]

[Stage 0:===========>  (176 + 16) / 212][Stage 1:>                (0 + 0) / 212]

[Stage 0:===========>  (177 + 16) / 212][Stage 1:>                (0 + 0) / 212]

[Stage 0:===========>  (178 + 16) / 212][Stage 1:>                (0 + 0) / 212]

[Stage 0:===========>  (180 + 16) / 212][Stage 1:>                (0 + 0) / 212]

[Stage 0:===========>  (181 + 16) / 212][Stage 1:>                (0 + 0) / 212]

[Stage 0:============> (182 + 16) / 212][Stage 1:>                (0 + 0) / 212]

[Stage 0:============> (183 + 16) / 212][Stage 1:>                (0 + 0) / 212]

[Stage 0:============> (185 + 16) / 212][Stage 1:>                (0 + 0) / 212]

[Stage 0:============> (186 + 16) / 212][Stage 1:>                (0 + 0) / 212]

[Stage 0:============> (187 + 16) / 212][Stage 1:>                (0 + 0) / 212]

[Stage 0:============> (188 + 16) / 212][Stage 1:>                (0 + 0) / 212]

[Stage 0:============> (189 + 16) / 212][Stage 1:>                (0 + 0) / 212]

[Stage 0:============> (190 + 16) / 212][Stage 1:>                (0 + 0) / 212]

[Stage 0:============> (191 + 16) / 212][Stage 1:>                (0 + 0) / 212]

[Stage 0:============> (192 + 16) / 212][Stage 1:>                (0 + 0) / 212]

[Stage 0:============> (193 + 16) / 212][Stage 1:>                (0 + 0) / 212]

[Stage 0:============> (194 + 16) / 212][Stage 1:>                (0 + 0) / 212]

[Stage 0:============> (196 + 16) / 212][Stage 1:>                (0 + 0) / 212]

[Stage 0:=============>(197 + 15) / 212][Stage 1:>                (0 + 1) / 212]

[Stage 0:=============>(198 + 14) / 212][Stage 1:>                (0 + 2) / 212]

[Stage 0:=============>(199 + 13) / 212][Stage 1:>                (0 + 3) / 212]

[Stage 0:=============>(199 + 13) / 212][Stage 1:>                (1 + 3) / 212]

[Stage 0:=============>(199 + 13) / 212][Stage 1:>                (2 + 3) / 212]

[Stage 0:=============>(199 + 13) / 212][Stage 1:>                (3 + 3) / 212]

[Stage 0:=============>(200 + 12) / 212][Stage 1:>                (3 + 4) / 212]

[Stage 0:=============>(200 + 12) / 212][Stage 1:>                (4 + 4) / 212]

[Stage 0:=============>(201 + 11) / 212][Stage 1:>                (4 + 5) / 212]

[Stage 0:=============>(201 + 11) / 212][Stage 1:>                (9 + 5) / 212]

[Stage 0:==============>(203 + 9) / 212][Stage 1:=>              (14 + 7) / 212]

[Stage 0:==============>(207 + 5) / 212][Stage 1:>              (14 + 11) / 212]

[Stage 0:==============>(208 + 4) / 212][Stage 1:>              (14 + 12) / 212]

[Stage 0:==============>(208 + 4) / 212][Stage 1:=>             (22 + 12) / 212]

[Stage 0:==============>(209 + 3) / 212][Stage 1:==>            (34 + 13) / 212]

[Stage 1:========>                                              (34 + 16) / 212]

[Stage 1:=========>                                             (36 + 16) / 212]

[Stage 1:===========>                                           (46 + 16) / 212]

[Stage 1:============>                                          (47 + 16) / 212]

[Stage 1:================>                                      (63 + 16) / 212]

[Stage 1:====================>                                  (79 + 16) / 212]

[Stage 1:========================>                              (94 + 16) / 212]

[Stage 1:========================>                              (95 + 16) / 212]

[Stage 1:=========================>                            (102 + 16) / 212]

[Stage 1:============================>                         (110 + 16) / 212]

[Stage 1:============================>                         (111 + 16) / 212]

[Stage 1:============================>                         (113 + 16) / 212]

[Stage 1:=============================>                        (115 + 16) / 212]

[Stage 1:===============================>                      (123 + 16) / 212]

[Stage 1:================================>                     (127 + 16) / 212]

[Stage 1:=================================>                    (130 + 16) / 212]

[Stage 1:=================================>                    (132 + 16) / 212]

[Stage 1:==================================>                   (135 + 16) / 212]

[Stage 1:===================================>                  (139 + 16) / 212]

[Stage 1:====================================>                 (143 + 16) / 212]

[Stage 1:====================================>                 (144 + 16) / 212]

[Stage 1:=====================================>                (148 + 16) / 212]

[Stage 1:======================================>               (150 + 16) / 212]

[Stage 1:======================================>               (152 + 16) / 212]

[Stage 1:=======================================>              (155 + 16) / 212]

[Stage 1:===========================================>          (171 + 16) / 212]

[Stage 1:===============================================>      (187 + 16) / 212]

[Stage 1:====================================================>  (203 + 9) / 212]

[Stage 1:=====================================================> (205 + 7) / 212]

[Stage 3:=>                                                       (2 + 16) / 67]

[Stage 3:================>                                       (20 + 17) / 67]

[Stage 3:=====================================>                  (45 + 16) / 67]

                                                                                
14:32:50  INFO     filter_cold_items: round 1/3 — checkpoint queued.

[Stage 8:>                                                       (0 + 16) / 200]

[Stage 8:===>                                                   (13 + 16) / 200]

[Stage 8:====>                                                  (15 + 16) / 200]

[Stage 8:====>                                                  (16 + 16) / 200]

[Stage 8:====>                                                  (18 + 16) / 200]

[Stage 8:=====>                                                 (20 + 16) / 200]

[Stage 8:======>                                                (22 + 16) / 200]

[Stage 8:======>                                                (25 + 16) / 200]

[Stage 8:=======>                                               (29 + 16) / 200]

[Stage 8:========>                                              (30 + 16) / 200]

[Stage 8:========>                                              (31 + 16) / 200]

[Stage 8:========>                                              (32 + 16) / 200]

[Stage 8:=========>                                             (33 + 16) / 200]

[Stage 8:=========>                                             (36 + 16) / 200]

[Stage 8:==========>                                            (39 + 16) / 200]

[Stage 8:===========>                                           (40 + 16) / 200]

[Stage 8:===========>                                           (43 + 16) / 200]

[Stage 8:============>                                          (45 + 16) / 200]

[Stage 8:============>                                          (47 + 16) / 200]

[Stage 8:=============>                                         (48 + 16) / 200]

[Stage 8:=============>                                         (49 + 16) / 200]

[Stage 8:=============>                                         (50 + 16) / 200]

[Stage 8:==============>                                        (51 + 16) / 200]

[Stage 8:==============>                                        (53 + 16) / 200]

[Stage 8:===============>                                       (55 + 16) / 200]

[Stage 8:===============>                                       (56 + 16) / 200]

[Stage 8:===============>                                       (57 + 16) / 200]

[Stage 8:================>                                      (59 + 16) / 200]

[Stage 8:=================>                                     (63 + 16) / 200]

[Stage 8:=================>                                     (64 + 16) / 200]

[Stage 8:==================>                                    (66 + 16) / 200]

[Stage 8:==================>                                    (68 + 16) / 200]

[Stage 8:===================>                                   (70 + 16) / 200]

[Stage 8:===================>                                   (71 + 16) / 200]

[Stage 8:====================>                                  (73 + 16) / 200]

[Stage 8:====================>                                  (75 + 16) / 200]

[Stage 8:====================>                                  (76 + 16) / 200]

[Stage 8:=====================>                                 (77 + 16) / 200]

[Stage 8:=====================>                                 (79 + 16) / 200]

[Stage 8:======================>                                (80 + 16) / 200]

[Stage 8:======================>                                (81 + 16) / 200]

[Stage 8:======================>                                (83 + 16) / 200]

[Stage 8:=======================>                               (84 + 16) / 200]

[Stage 8:=======================>                               (87 + 16) / 200]

[Stage 8:========================>                              (89 + 16) / 200]

[Stage 8:=========================>                             (94 + 16) / 200]

[Stage 8:==========================>                            (95 + 16) / 200]

[Stage 8:==========================>                            (96 + 16) / 200]

[Stage 8:==========================>                            (97 + 16) / 200]

[Stage 8:==========================>                            (98 + 16) / 200]

[Stage 8:===========================>                           (99 + 16) / 200]

[Stage 8:===========================>                          (101 + 16) / 200]

[Stage 8:===========================>                          (103 + 16) / 200]

[Stage 8:============================>                         (106 + 16) / 200]

[Stage 8:=============================>                        (109 + 16) / 200]

[Stage 8:=============================>                        (111 + 16) / 200]

[Stage 8:==============================>                       (112 + 16) / 200]

[Stage 8:==============================>                       (113 + 16) / 200]

[Stage 8:==============================>                       (114 + 16) / 200]

[Stage 8:===============================>                      (116 + 16) / 200]

[Stage 8:===============================>                      (117 + 16) / 200]

[Stage 8:================================>                     (119 + 16) / 200]

[Stage 8:================================>                     (121 + 16) / 200]

[Stage 8:=================================>                    (125 + 16) / 200]

[Stage 8:==================================>                   (127 + 16) / 200]

[Stage 8:==================================>                   (128 + 16) / 200]

[Stage 8:==================================>                   (129 + 16) / 200]

[Stage 8:===================================>                  (130 + 16) / 200]

[Stage 8:===================================>                  (132 + 16) / 200]

[Stage 8:===================================>                  (133 + 16) / 200]

[Stage 8:====================================>                 (136 + 16) / 200]

[Stage 8:=====================================>                (140 + 16) / 200]

[Stage 8:======================================>               (141 + 16) / 200]

[Stage 8:======================================>               (144 + 16) / 200]

[Stage 8:=======================================>              (145 + 16) / 200]

[Stage 8:=======================================>              (146 + 16) / 200]

[Stage 8:=======================================>              (148 + 16) / 200]

[Stage 8:========================================>             (149 + 16) / 200]

[Stage 8:=========================================>            (152 + 16) / 200]

[Stage 8:=========================================>            (154 + 16) / 200]

[Stage 8:==========================================>           (157 + 16) / 200]

[Stage 8:==========================================>           (159 + 16) / 200]

[Stage 8:===========================================>          (160 + 16) / 200]

[Stage 8:===========================================>          (161 + 16) / 200]

[Stage 8:============================================>         (164 + 16) / 200]

[Stage 8:============================================>         (165 + 16) / 200]

[Stage 8:=============================================>        (167 + 16) / 200]

[Stage 8:=============================================>        (169 + 16) / 200]

[Stage 8:=============================================>        (170 + 16) / 200]

[Stage 8:==============================================>       (172 + 16) / 200]

[Stage 8:===============================================>      (175 + 16) / 200]

[Stage 8:===============================================>      (176 + 16) / 200]

[Stage 8:===============================================>      (177 + 16) / 200]

[Stage 8:================================================>     (179 + 16) / 200]

[Stage 8:================================================>     (180 + 16) / 200]

[Stage 8:================================================>     (181 + 16) / 200]

[Stage 8:=================================================>    (182 + 16) / 200]

[Stage 8:=================================================>    (183 + 16) / 200]

[Stage 8:=================================================>    (185 + 15) / 200]

[Stage 8:==================================================>   (188 + 12) / 200]

[Stage 8:===================================================>  (189 + 11) / 200]

[Stage 8:====================================================>  (192 + 8) / 200]

[Stage 8:=====================================================> (193 + 7) / 200]

[Stage 8:=====================================================> (194 + 6) / 200]

[Stage 8:=====================================================> (196 + 4) / 200]

[Stage 8:======================================================>(197 + 3) / 200]

[Stage 8:======================================================>(198 + 2) / 200]

                                                                                

[Stage 13:>                                                      (0 + 16) / 200]

[Stage 13:>                                                      (1 + 16) / 200]

[Stage 13:=>                                                     (4 + 16) / 200]

[Stage 13:==>                                                    (9 + 16) / 200]

[Stage 13:==>                                                   (11 + 16) / 200]

[Stage 13:====>                                                 (16 + 16) / 200]

[Stage 13:====>                                                 (17 + 16) / 200]

[Stage 13:====>                                                 (18 + 16) / 200]

[Stage 13:=====>                                                (21 + 16) / 200]

[Stage 13:=======>                                              (28 + 16) / 200]

[Stage 13:========>                                             (31 + 16) / 200]

[Stage 13:========>                                             (32 + 16) / 200]

[Stage 13:========>                                             (33 + 16) / 200]

[Stage 13:=========>                                            (34 + 16) / 200]

[Stage 13:==========>                                           (38 + 16) / 200]

[Stage 13:===========>                                          (42 + 16) / 200]

[Stage 13:===========>                                          (44 + 16) / 200]

[Stage 13:============>                                         (48 + 16) / 200]

[Stage 13:==============>                                       (53 + 16) / 200]

[Stage 13:===============>                                      (57 + 16) / 200]

[Stage 13:================>                                     (60 + 16) / 200]

[Stage 13:=================>                                    (65 + 16) / 200]

[Stage 13:==================>                                   (69 + 16) / 200]

[Stage 13:==================>                                   (70 + 16) / 200]

[Stage 13:===================>                                  (73 + 16) / 200]

[Stage 13:===================>                                  (74 + 16) / 200]

[Stage 13:====================>                                 (75 + 16) / 200]

[Stage 13:====================>                                 (76 + 16) / 200]

[Stage 13:======================>                               (83 + 16) / 200]

[Stage 13:======================>                               (84 + 16) / 200]

[Stage 13:======================>                               (85 + 16) / 200]

[Stage 13:=======================>                              (86 + 16) / 200]

[Stage 13:=======================>                              (88 + 16) / 200]

[Stage 13:========================>                             (89 + 16) / 200]

[Stage 13:========================>                             (90 + 16) / 200]

[Stage 13:========================>                             (91 + 16) / 200]

[Stage 13:========================>                             (92 + 16) / 200]

[Stage 13:=========================>                            (94 + 16) / 200]

[Stage 13:==========================>                           (99 + 16) / 200]

[Stage 13:==========================>                          (100 + 16) / 200]

[Stage 13:==========================>                          (101 + 16) / 200]

[Stage 13:===========================>                         (102 + 16) / 200]

[Stage 13:===========================>                         (104 + 16) / 200]

[Stage 13:===========================>                         (105 + 16) / 200]

[Stage 13:============================>                        (106 + 16) / 200]

[Stage 13:============================>                        (107 + 16) / 200]

[Stage 13:============================>                        (108 + 16) / 200]

[Stage 13:=============================>                       (110 + 16) / 200]

[Stage 13:=============================>                       (113 + 16) / 200]

[Stage 13:==============================>                      (116 + 16) / 200]

[Stage 13:===============================>                     (117 + 16) / 200]

[Stage 13:===============================>                     (118 + 16) / 200]

[Stage 13:=================================>                   (125 + 16) / 200]

[Stage 13:=================================>                   (128 + 16) / 200]

[Stage 13:==================================>                  (131 + 16) / 200]

[Stage 13:==================================>                  (132 + 16) / 200]

[Stage 13:===================================>                 (133 + 16) / 200]

[Stage 13:===================================>                 (134 + 16) / 200]

[Stage 13:=====================================>               (142 + 16) / 200]

[Stage 13:=====================================>               (143 + 16) / 200]

[Stage 13:======================================>              (144 + 16) / 200]

[Stage 13:=======================================>             (148 + 16) / 200]

[Stage 13:=========================================>           (157 + 16) / 200]

[Stage 13:==========================================>          (160 + 16) / 200]

[Stage 13:==========================================>          (161 + 16) / 200]

[Stage 13:===========================================>         (166 + 16) / 200]

[Stage 13:============================================>        (168 + 16) / 200]

[Stage 13:=============================================>       (170 + 16) / 200]

[Stage 13:=============================================>       (171 + 16) / 200]

[Stage 13:==============================================>      (176 + 16) / 200]

[Stage 13:==============================================>      (177 + 16) / 200]

[Stage 13:===============================================>     (180 + 16) / 200]

[Stage 13:=================================================>   (185 + 15) / 200]

[Stage 13:=================================================>   (188 + 12) / 200]

[Stage 13:==================================================>  (190 + 10) / 200]

[Stage 13:===================================================>  (192 + 8) / 200]

[Stage 13:====================================================> (194 + 6) / 200]

[Stage 13:====================================================> (196 + 4) / 200]

[Stage 13:=====================================================>(197 + 3) / 200]

                                                                                
14:37:22  INFO     filter_cold_items: round 2/3 — checkpoint queued.

[Stage 14:>                                                      (0 + 16) / 200]

[Stage 14:=>                                                     (5 + 16) / 200]

[Stage 14:====>                                                 (16 + 16) / 200]

[Stage 14:======>                                               (24 + 16) / 200]

[Stage 14:=========>                                            (37 + 16) / 200]

[Stage 14:============>                                         (45 + 16) / 200]

[Stage 14:=============>                                        (50 + 16) / 200]

[Stage 14:==============>                                       (53 + 16) / 200]

[Stage 14:===============>                                      (56 + 16) / 200]

[Stage 14:================>                                     (60 + 16) / 200]

[Stage 14:==================>                                   (67 + 16) / 200]

[Stage 14:==================>                                   (69 + 16) / 200]

[Stage 14:===================>                                  (74 + 16) / 200]

[Stage 14:=====================>                                (79 + 16) / 200]

[Stage 14:======================>                               (82 + 16) / 200]

[Stage 14:======================>                               (84 + 16) / 200]

[Stage 14:======================>                               (85 + 16) / 200]

[Stage 14:=======================>                              (86 + 16) / 200]

[Stage 14:========================>                             (91 + 16) / 200]

[Stage 14:=========================>                            (95 + 16) / 200]

[Stage 14:==========================>                           (98 + 16) / 200]

[Stage 14:==========================>                           (99 + 16) / 200]

[Stage 14:==============================>                      (115 + 16) / 200]

[Stage 14:==================================>                  (131 + 16) / 200]

[Stage 14:======================================>              (147 + 16) / 200]

[Stage 14:===========================================>         (163 + 16) / 200]

[Stage 14:===============================================>     (179 + 16) / 200]

[Stage 14:====================================================> (194 + 6) / 200]

[Stage 14:=====================================================>(198 + 2) / 200]

                                                                                

[Stage 17:>                                                      (0 + 16) / 200]

[Stage 17:====>                                                 (15 + 16) / 200]

[Stage 17:====>                                                 (16 + 16) / 200]

[Stage 17:======>                                               (25 + 16) / 200]

[Stage 17:========>                                             (32 + 16) / 200]

[Stage 17:============>                                         (48 + 16) / 200]

[Stage 17:=================>                                    (64 + 16) / 200]

[Stage 17:=================>                                    (65 + 16) / 200]

[Stage 17:===================>                                  (71 + 16) / 200]

[Stage 17:=====================>                                (78 + 16) / 200]

[Stage 17:=====================>                                (79 + 16) / 200]

[Stage 17:=====================>                                (81 + 16) / 200]

[Stage 17:=========================>                            (95 + 16) / 200]

[Stage 17:=========================>                            (96 + 16) / 200]

[Stage 17:==========================>                           (97 + 16) / 200]

[Stage 17:==========================>                           (98 + 16) / 200]

[Stage 17:=============================>                       (111 + 16) / 200]

[Stage 17:=============================>                       (113 + 16) / 200]

[Stage 17:=================================>                   (127 + 16) / 200]

[Stage 17:==================================>                  (129 + 16) / 200]

[Stage 17:==================================>                  (130 + 16) / 200]

[Stage 17:======================================>              (144 + 16) / 200]

[Stage 17:======================================>              (145 + 16) / 200]

[Stage 17:=========================================>           (157 + 16) / 200]

[Stage 17:=========================================>           (158 + 16) / 200]

[Stage 17:==========================================>          (159 + 16) / 200]

[Stage 17:==========================================>          (160 + 16) / 200]

[Stage 17:=============================================>       (173 + 16) / 200]

[Stage 17:==============================================>      (174 + 16) / 200]

[Stage 17:===============================================>     (180 + 16) / 200]

[Stage 17:===============================================>     (181 + 16) / 200]

[Stage 17:================================================>    (182 + 16) / 200]

[Stage 17:=================================================>   (185 + 15) / 200]

[Stage 17:==================================================>  (189 + 11) / 200]

[Stage 17:==================================================>  (190 + 10) / 200]

[Stage 17:====================================================> (193 + 7) / 200]

[Stage 17:====================================================> (196 + 4) / 200]

[Stage 17:=====================================================>(197 + 3) / 200]

[Stage 17:=====================================================>(198 + 2) / 200]

                                                                                
14:41:44  INFO     filter_cold_items: round 3/3 — checkpoint queued.

[Stage 18:>                                                      (0 + 16) / 200]

[Stage 18:>                                                      (1 + 16) / 200]

[Stage 18:=>                                                     (6 + 16) / 200]

[Stage 18:====>                                                 (16 + 16) / 200]

[Stage 18:====>                                                 (17 + 16) / 200]

[Stage 18:=====>                                                (19 + 16) / 200]

[Stage 18:========>                                             (32 + 16) / 200]

[Stage 18:========>                                             (33 + 16) / 200]

[Stage 18:==========>                                           (40 + 16) / 200]

[Stage 18:============>                                         (45 + 16) / 200]

[Stage 18:============>                                         (48 + 16) / 200]

[Stage 18:===============>                                      (56 + 16) / 200]

[Stage 18:===============>                                      (58 + 16) / 200]

[Stage 18:===================>                                  (72 + 16) / 200]

[Stage 18:===================>                                  (73 + 16) / 200]

[Stage 18:=====================>                                (79 + 17) / 200]

[Stage 18:=====================>                                (80 + 16) / 200]

[Stage 18:=======================>                              (88 + 16) / 200]

[Stage 18:========================>                             (89 + 16) / 200]

[Stage 18:=========================>                            (96 + 16) / 200]

[Stage 18:==========================>                          (101 + 16) / 200]

[Stage 18:===========================>                         (104 + 16) / 200]

[Stage 18:============================>                        (109 + 16) / 200]

[Stage 18:=============================>                       (112 + 16) / 200]

[Stage 18:==============================>                      (115 + 16) / 200]

[Stage 18:================================>                    (121 + 16) / 200]

[Stage 18:================================>                    (122 + 16) / 200]

[Stage 18:=================================>                   (127 + 16) / 200]

[Stage 18:=================================>                   (128 + 16) / 200]

[Stage 18:==================================>                  (130 + 16) / 200]

[Stage 18:==================================>                  (132 + 16) / 200]

[Stage 18:===================================>                 (133 + 16) / 200]

[Stage 18:====================================>                (136 + 16) / 200]

[Stage 18:====================================>                (137 + 16) / 200]

[Stage 18:=====================================>               (141 + 16) / 200]

[Stage 18:=====================================>               (143 + 16) / 200]

[Stage 18:======================================>              (144 + 16) / 200]

[Stage 18:======================================>              (145 + 16) / 200]

[Stage 18:======================================>              (146 + 16) / 200]

[Stage 18:======================================>              (147 + 16) / 200]

[Stage 18:=======================================>             (149 + 16) / 200]

[Stage 18:=======================================>             (150 + 16) / 200]

[Stage 18:========================================>            (151 + 16) / 200]

[Stage 18:========================================>            (153 + 16) / 200]

[Stage 18:========================================>            (154 + 16) / 200]

[Stage 18:==========================================>          (159 + 16) / 200]

[Stage 18:==========================================>          (160 + 16) / 200]

[Stage 18:==========================================>          (161 + 16) / 200]

[Stage 18:===========================================>         (163 + 16) / 200]

[Stage 18:===========================================>         (164 + 16) / 200]

[Stage 18:===========================================>         (166 + 16) / 200]

[Stage 18:============================================>        (168 + 16) / 200]

[Stage 18:============================================>        (169 + 16) / 200]

[Stage 18:=============================================>       (170 + 16) / 200]

[Stage 18:=============================================>       (171 + 16) / 200]

[Stage 18:=============================================>       (172 + 16) / 200]

[Stage 18:=============================================>       (173 + 16) / 200]

[Stage 18:==============================================>      (176 + 16) / 200]

[Stage 18:===============================================>     (178 + 16) / 200]

[Stage 18:===============================================>     (179 + 16) / 200]

[Stage 18:===============================================>     (181 + 16) / 200]

[Stage 18:================================================>    (182 + 16) / 200]

[Stage 18:================================================>    (184 + 16) / 200]

[Stage 18:=================================================>   (185 + 15) / 200]

[Stage 18:=================================================>   (186 + 14) / 200]

[Stage 18:=================================================>   (187 + 13) / 200]

[Stage 18:==================================================>  (190 + 10) / 200]

[Stage 18:===================================================>  (191 + 9) / 200]

[Stage 18:===================================================>  (192 + 8) / 200]

[Stage 18:====================================================> (193 + 7) / 200]

[Stage 18:====================================================> (194 + 6) / 200]

[Stage 18:====================================================> (195 + 5) / 200]

[Stage 18:====================================================> (196 + 4) / 200]

[Stage 18:=====================================================>(197 + 3) / 200]

[Stage 18:=====================================================>(198 + 2) / 200]

[Stage 19:>                                                      (2 + 16) / 200]

[Stage 19:=====>                                                (19 + 16) / 200]

[Stage 19:=========>                                            (36 + 16) / 200]

[Stage 19:==============>                                       (55 + 17) / 200]

[Stage 19:===================>                                  (72 + 16) / 200]

[Stage 19:========================>                             (92 + 16) / 200]

[Stage 19:============================>                        (109 + 16) / 200]

[Stage 19:==================================>                  (132 + 16) / 200]

[Stage 19:=======================================>             (149 + 16) / 200]

[Stage 19:============================================>        (168 + 16) / 200]

[Stage 19:==================================================>  (190 + 10) / 200]

                                                                                

[Stage 27:>                                                      (0 + 16) / 200]

[Stage 27:>                                                      (3 + 16) / 200]

[Stage 27:====>                                                 (15 + 16) / 200]

[Stage 27:====>                                                 (16 + 16) / 200]

[Stage 27:====>                                                 (17 + 16) / 200]

[Stage 27:=====>                                                (22 + 16) / 200]

[Stage 27:=======>                                              (29 + 16) / 200]

[Stage 27:========>                                             (32 + 16) / 200]

[Stage 27:============>                                         (47 + 16) / 200]

[Stage 27:============>                                         (48 + 16) / 200]

[Stage 27:=============>                                        (49 + 16) / 200]

[Stage 27:===============>                                      (56 + 16) / 200]

[Stage 27:================>                                     (61 + 17) / 200]

[Stage 27:=================>                                    (63 + 16) / 200]

[Stage 27:==================>                                   (70 + 16) / 200]

[Stage 27:====================>                                 (77 + 16) / 200]

[Stage 27:========================>                             (90 + 16) / 200]

[Stage 27:========================>                             (91 + 16) / 200]

[Stage 27:=========================>                            (95 + 16) / 200]

[Stage 27:=========================>                            (96 + 16) / 200]

[Stage 27:==========================>                           (97 + 16) / 200]

[Stage 27:=============================>                       (111 + 16) / 200]

[Stage 27:=================================>                   (127 + 16) / 200]

[Stage 27:=================================>                   (128 + 16) / 200]

[Stage 27:==================================>                  (129 + 16) / 200]

[Stage 27:=====================================>               (142 + 16) / 200]

[Stage 27:=====================================>               (143 + 16) / 200]

[Stage 27:======================================>              (144 + 16) / 200]

[Stage 27:=========================================>           (158 + 16) / 200]

[Stage 27:==========================================>          (161 + 16) / 200]

[Stage 27:============================================>        (168 + 16) / 200]

[Stage 27:==============================================>      (174 + 16) / 200]

[Stage 27:==============================================>      (175 + 16) / 200]

[Stage 27:==============================================>      (177 + 16) / 200]

[Stage 27:================================================>    (184 + 16) / 200]

[Stage 27:==================================================>  (190 + 10) / 200]

[Stage 27:===================================================>  (191 + 9) / 200]

[Stage 27:===================================================>  (192 + 8) / 200]

[Stage 27:====================================================> (193 + 7) / 200]

[Stage 27:=====================================================>(199 + 1) / 200]

                                                                                
14:46:46  INFO     Temporal min_interactions filter: kept 306433 / 2034920 users (min=5)

[Stage 30:====>                                                 (16 + 16) / 200]

[Stage 30:========>                                             (32 + 16) / 200]

[Stage 30:============>                                         (48 + 16) / 200]

[Stage 30:===============>                                      (56 + 16) / 200]

[Stage 30:==================>                                   (70 + 16) / 200]

[Stage 30:=======================>                              (87 + 16) / 200]

[Stage 30:===========================>                         (103 + 16) / 200]

[Stage 30:==============================================>      (175 + 17) / 200]

[Stage 30:===================================================>  (192 + 8) / 200]

                                                                                
14:46:50  INFO     Temporal — purchase interactions: 3619327  (unique users: 306433, items: 60798)
14:46:51  INFO     Temporal date split — train_end=2020-02-29 (ts<1583020800)  val_end=2020-03-31 (ts<1585699200)
14:46:51  INFO       raw rows: train=2678232  val=562523  test=378572  (total=3619327)
14:46:52  WARNING  Dropped 145017 rows for cold-start users (not in train vocabulary).
14:46:53  WARNING  Dropped 187071 rows for cold-start users (not in train vocabulary).
14:46:54  WARNING  De-leaked 38070 train purchase rows whose (user_idx, item_idx) pair also appears in the test set (temporal train/test overlap).
14:46:54  WARNING  Post-de-leakage: dropped 2311 val and 3389 test rows for users who lost all training interactions after de-leakage.
14:46:54  INFO     Cold-start items retained: val=13628  test=18201  (embeddings via structural graph).
14:46:59  INFO     
num_users              :    267,973
num_items              :     60,798
train rows             :  2,640,162
val   rows             :    415,195
test  rows             :    188,112
train_end_ts           : 1,583,020,800
split_protocol                : temporal_dates
train_end_date                : 2020-02-29
val_end_date                  : 2020-03-31
train_cutoff_ts               : 1583020800
val_cutoff_ts                 : 1585699200
train_pct                     : 74.0%
val_pct                       : 15.5%
test_pct                      : 10.5%
val_cold_users_dropped        : 147328
test_cold_users_dropped       : 190460
val_cold_items_retained       : 13628
test_cold_items_retained      : 18201
val_rows_final                : 415195
test_rows_final               : 188112
train_leaked_pairs_removed    : 38070
14:47:00  INFO     Auxiliary [temporal]: global_cutoff=1583020800 applied.

[Stage 32:>                                                       (0 + 16) / 64]

                                                                                

[Stage 33:>                                                      (0 + 16) / 200]

[Stage 33:>                                                      (2 + 16) / 200]

[Stage 33:========>                                             (32 + 16) / 200]

[Stage 33:========>                                             (33 + 16) / 200]

[Stage 33:============>                                         (48 + 16) / 200]

[Stage 33:=============>                                        (50 + 16) / 200]

[Stage 33:===================>                                  (73 + 16) / 200]

[Stage 33:====================>                                 (77 + 16) / 200]

[Stage 33:=========================>                            (96 + 16) / 200]

[Stage 33:==========================>                           (97 + 16) / 200]

[Stage 33:==========================>                          (100 + 16) / 200]

[Stage 33:==========================>                          (101 + 16) / 200]

[Stage 33:===========================>                         (102 + 16) / 200]

[Stage 33:============================>                        (107 + 16) / 200]

[Stage 33:============================>                        (108 + 16) / 200]

[Stage 33:=============================>                       (110 + 16) / 200]

[Stage 33:=============================>                       (111 + 16) / 200]

[Stage 33:=============================>                       (112 + 16) / 200]

[Stage 33:=============================>                       (113 + 16) / 200]

[Stage 33:==============================>                      (114 + 16) / 200]

[Stage 33:==============================>                      (116 + 16) / 200]

[Stage 33:====================================>                (139 + 16) / 200]

[Stage 33:=====================================>               (140 + 16) / 200]

[Stage 33:=====================================>               (141 + 16) / 200]

[Stage 33:======================================>              (144 + 16) / 200]

[Stage 33:======================================>              (145 + 16) / 200]

[Stage 33:======================================>              (146 + 16) / 200]

[Stage 33:======================================>              (147 + 16) / 200]

[Stage 33:========================================>            (151 + 16) / 200]

[Stage 33:=========================================>           (155 + 16) / 200]

[Stage 33:=========================================>           (158 + 16) / 200]

[Stage 33:==========================================>          (159 + 16) / 200]

[Stage 33:==========================================>          (160 + 16) / 200]

[Stage 33:==========================================>          (161 + 16) / 200]

[Stage 33:==========================================>          (162 + 16) / 200]

[Stage 33:===========================================>         (163 + 16) / 200]

[Stage 33:===========================================>         (164 + 16) / 200]

[Stage 33:============================================>        (167 + 16) / 200]

[Stage 33:============================================>        (168 + 16) / 200]

[Stage 33:==============================================>      (174 + 16) / 200]

[Stage 33:==============================================>      (176 + 16) / 200]

[Stage 33:==============================================>      (177 + 16) / 200]

[Stage 33:===============================================>     (178 + 16) / 200]

[Stage 33:===============================================>     (180 + 16) / 200]

[Stage 33:================================================>    (182 + 16) / 200]

[Stage 33:================================================>    (183 + 16) / 200]

[Stage 33:=================================================>   (185 + 15) / 200]

[Stage 33:=================================================>   (187 + 13) / 200]

[Stage 33:==================================================>  (190 + 10) / 200]

[Stage 33:===================================================>  (191 + 9) / 200]

[Stage 33:===================================================>  (192 + 8) / 200]

[Stage 33:====================================================> (193 + 7) / 200]

[Stage 33:====================================================> (194 + 6) / 200]

[Stage 33:====================================================> (196 + 4) / 200]

[Stage 34:>                                                      (0 + 16) / 200]

[Stage 34:=>                                                     (4 + 16) / 200]

[Stage 34:=====>                                                (19 + 16) / 200]

[Stage 34:======>                                               (24 + 16) / 200]

[Stage 34:========>                                             (31 + 16) / 200]

[Stage 34:=========>                                            (35 + 16) / 200]

[Stage 34:============>                                         (47 + 16) / 200]

[Stage 34:===============>                                      (59 + 16) / 200]

[Stage 34:================>                                     (60 + 16) / 200]

[Stage 34:===================>                                  (73 + 16) / 200]

[Stage 34:====================>                                 (75 + 16) / 200]

[Stage 34:========================>                             (89 + 16) / 200]

[Stage 34:========================>                             (91 + 16) / 200]

[Stage 34:=========================>                            (96 + 16) / 200]

[Stage 34:============================>                        (106 + 16) / 200]

[Stage 34:============================>                        (107 + 16) / 200]

[Stage 34:===============================>                     (119 + 16) / 200]

[Stage 34:================================>                    (123 + 16) / 200]

[Stage 34:=================================>                   (125 + 16) / 200]

[Stage 34:====================================>                (136 + 16) / 200]

[Stage 34:====================================>                (139 + 16) / 200]

[Stage 34:=======================================>             (149 + 16) / 200]

[Stage 34:========================================>            (154 + 16) / 200]

[Stage 34:=========================================>           (156 + 16) / 200]

[Stage 34:===========================================>         (166 + 16) / 200]

[Stage 34:=============================================>       (171 + 16) / 200]

[Stage 34:===============================================>     (179 + 16) / 200]

[Stage 34:=================================================>   (185 + 15) / 200]

[Stage 34:=================================================>   (188 + 12) / 200]

[Stage 36:========================================>              (51 + 16) / 69]

                                                                                

[Stage 44:=>                                                     (5 + 16) / 200]

[Stage 44:====>                                                 (16 + 16) / 200]

[Stage 44:====>                                                 (17 + 16) / 200]

[Stage 44:========>                                             (32 + 16) / 200]

[Stage 44:============>                                         (45 + 17) / 200]

[Stage 44:============>                                         (48 + 16) / 200]

[Stage 44:==============>                                       (52 + 16) / 200]

[Stage 44:=================>                                    (64 + 16) / 200]

[Stage 44:=================>                                    (65 + 16) / 200]

[Stage 44:=====================>                                (79 + 16) / 200]

[Stage 44:=====================>                                (80 + 16) / 200]

[Stage 44:=======================>                              (86 + 16) / 200]

[Stage 44:=========================>                            (96 + 16) / 200]

[Stage 44:=============================>                       (110 + 17) / 200]

[Stage 44:=============================>                       (112 + 16) / 200]

[Stage 44:===============================>                     (120 + 16) / 200]

[Stage 44:====================================>                (136 + 16) / 200]

[Stage 44:========================================>            (152 + 16) / 200]

[Stage 44:==========================================>          (159 + 16) / 200]

[Stage 44:============================================>        (168 + 16) / 200]

[Stage 44:============================================>        (169 + 17) / 200]

[Stage 44:================================================>    (183 + 16) / 200]

[Stage 44:================================================>    (184 + 16) / 200]

[Stage 44:====================================================> (196 + 4) / 200]

[Stage 46:==============================================>        (58 + 11) / 69]

                                                                                

[Stage 55:>                                                      (0 + 16) / 200]

[Stage 55:====>                                                 (15 + 16) / 200]

[Stage 55:========>                                             (31 + 16) / 200]

[Stage 55:========>                                             (32 + 16) / 200]

[Stage 55:===========>                                          (44 + 16) / 200]

[Stage 55:============>                                         (47 + 16) / 200]

[Stage 55:=============>                                        (49 + 16) / 200]

[Stage 55:=================>                                    (63 + 16) / 200]

[Stage 55:===================>                                  (73 + 16) / 200]

[Stage 55:=====================>                                (79 + 16) / 200]

[Stage 55:=========================>                            (95 + 16) / 200]

[Stage 55:=============================>                       (111 + 16) / 200]

[Stage 55:=================================>                   (127 + 16) / 200]

[Stage 55:====================================>                (138 + 16) / 200]

[Stage 55:=====================================>               (143 + 16) / 200]

[Stage 55:==========================================>          (159 + 16) / 200]

[Stage 55:===========================================>         (164 + 16) / 200]

[Stage 55:==============================================>      (175 + 16) / 200]

[Stage 55:==================================================>  (189 + 11) / 200]

[Stage 55:===================================================>  (191 + 9) / 200]

[Stage 55:====================================================> (196 + 4) / 200]

[Stage 57:==================>                                    (23 + 16) / 69]

[Stage 57:==============================>                        (38 + 16) / 69]

[Stage 57:===========================================>           (55 + 14) / 69]

                                                                                

[Stage 62:===>                                                  (12 + 15) / 200]

[Stage 62:====>                                                 (16 + 16) / 200]

[Stage 62:========>                                             (32 + 16) / 200]

[Stage 62:============>                                         (46 + 16) / 200]

[Stage 62:===============>                                      (59 + 16) / 200]

[Stage 62:================>                                     (62 + 16) / 200]

[Stage 62:=================>                                    (63 + 16) / 200]

[Stage 62:=====================>                                (78 + 16) / 200]

[Stage 62:=====================>                                (79 + 16) / 200]

[Stage 62:========================>                             (92 + 16) / 200]

[Stage 62:=========================>                            (94 + 16) / 200]

[Stage 62:==========================>                          (100 + 16) / 200]

[Stage 62:=============================>                       (110 + 16) / 200]

[Stage 62:================================>                    (124 + 16) / 200]

[Stage 62:=====================================>               (140 + 16) / 200]

[Stage 62:========================================>            (151 + 16) / 200]

[Stage 62:=========================================>           (156 + 16) / 200]

[Stage 62:=========================================>           (158 + 16) / 200]

[Stage 62:=============================================>       (171 + 16) / 200]

[Stage 62:=============================================>       (173 + 16) / 200]

[Stage 62:================================================>    (184 + 16) / 200]

[Stage 62:=================================================>   (188 + 12) / 200]

[Stage 62:=====================================================>(199 + 1) / 200]

[Stage 64:=================================>                     (42 + 16) / 69]

                                                                                
14:49:25  INFO     Structural edges: 60798 products -> 14 categories, 2734 brands.

[Stage 68:> (16 + 0) / 64][Stage 69:>(48 + 16) / 64][Stage 70:>  (0 + 0) / 64]

                                                                                
26/04/07 14:49:52 WARN TaskSetManager: Stage 71 contains a task of very large size (1659 KiB). The maximum recommended task size is 1000 KiB.

[Stage 71:>                                                      (4 + 18) / 264]

[Stage 71:==>                                                   (12 + 24) / 264]

[Stage 71:====>                                                 (22 + 27) / 264]

[Stage 71:======>                                               (31 + 31) / 264]

[Stage 71:=============>                                        (64 + 16) / 264]

[Stage 71:===============>                                      (74 + 16) / 264]

[Stage 71:================>                                     (80 + 16) / 264]

[Stage 71:==================>                                   (90 + 16) / 264]

[Stage 71:===================>                                  (96 + 16) / 264]

[Stage 71:====================>                                (100 + 16) / 264]

[Stage 71:=====================>                               (109 + 16) / 264]

[Stage 71:======================>                              (112 + 16) / 264]

[Stage 71:========================>                            (120 + 16) / 264]

[Stage 71:=========================>                           (127 + 16) / 264]

[Stage 71:=========================>                           (128 + 16) / 264]

[Stage 71:==========================>                          (130 + 16) / 264]

[Stage 71:===========================>                         (138 + 16) / 264]

[Stage 71:============================>                        (144 + 16) / 264]

[Stage 71:==============================>                      (151 + 16) / 264]

[Stage 71:==============================>                      (154 + 16) / 264]

[Stage 71:===============================>                     (159 + 16) / 264]

[Stage 71:================================>                    (160 + 16) / 264]

[Stage 71:=================================>                   (169 + 16) / 264]

[Stage 71:===================================>                 (175 + 16) / 264]

[Stage 71:===================================>                 (176 + 16) / 264]

[Stage 71:====================================>                (182 + 16) / 264]

[Stage 71:=====================================>               (186 + 16) / 264]

[Stage 71:=====================================>               (189 + 16) / 264]

[Stage 71:======================================>              (191 + 16) / 264]

[Stage 71:======================================>              (192 + 16) / 264]

[Stage 71:=======================================>             (199 + 16) / 264]

[Stage 71:========================================>            (204 + 16) / 264]

[Stage 71:=========================================>           (206 + 16) / 264]

[Stage 71:=========================================>           (207 + 16) / 264]

[Stage 71:==========================================>          (214 + 16) / 264]

[Stage 71:===========================================>         (218 + 16) / 264]

[Stage 71:============================================>        (221 + 16) / 264]

[Stage 71:============================================>        (222 + 16) / 264]

[Stage 71:============================================>        (224 + 16) / 264]

[Stage 71:==============================================>      (231 + 16) / 264]

[Stage 71:===============================================>     (235 + 16) / 264]

[Stage 71:===============================================>     (237 + 16) / 264]

[Stage 71:===============================================>     (239 + 16) / 264]

[Stage 71:================================================>    (242 + 16) / 264]

[Stage 71:==================================================>  (250 + 14) / 264]

[Stage 71:==================================================>  (253 + 11) / 264]

[Stage 71:==================================================>  (254 + 10) / 264]

[Stage 71:====================================================> (255 + 9) / 264]

[Stage 71:=====================================================>(262 + 2) / 264]

[Stage 73:>                                                       (0 + 16) / 67]

[Stage 73:=============>                                         (17 + 16) / 67]

[Stage 73:==============================>                        (37 + 16) / 67]

[Stage 73:=====================================================>  (64 + 3) / 67]

                                                                                
14:50:10  INFO     Train mask: 62033 eval users, avg 62.4 seen items per user.
14:50:10  INFO     Saving edge arrays to data/processed/temporal ...
14:50:10  INFO       saved purchase_train                              2640162 edges

[Stage 79:>                                                      (0 + 16) / 200]

[Stage 79:====>                                                 (16 + 16) / 200]

[Stage 79:======>                                               (24 + 16) / 200]

[Stage 79:========>                                             (30 + 16) / 200]

[Stage 79:========>                                             (32 + 16) / 200]

[Stage 79:==========>                                           (40 + 16) / 200]

[Stage 79:============>                                         (46 + 16) / 200]

[Stage 79:============>                                         (48 + 16) / 200]

[Stage 79:===============>                                      (56 + 16) / 200]

[Stage 79:================>                                     (61 + 16) / 200]

[Stage 79:=================>                                    (64 + 16) / 200]

[Stage 79:===================>                                  (74 + 16) / 200]

[Stage 79:====================>                                 (77 + 16) / 200]

[Stage 79:=====================>                                (80 + 16) / 200]

[Stage 79:======================>                               (82 + 16) / 200]

[Stage 79:========================>                             (90 + 16) / 200]

[Stage 79:=========================>                            (94 + 16) / 200]

[Stage 79:=========================>                            (95 + 16) / 200]

[Stage 79:=========================>                            (96 + 16) / 200]

[Stage 79:==========================>                           (98 + 16) / 200]

[Stage 79:============================>                        (106 + 16) / 200]

[Stage 79:=============================>                       (111 + 16) / 200]

[Stage 79:=============================>                       (112 + 16) / 200]

[Stage 79:==============================>                      (114 + 16) / 200]

[Stage 79:================================>                    (123 + 16) / 200]

[Stage 79:=================================>                   (127 + 16) / 200]

[Stage 79:=================================>                   (128 + 16) / 200]

[Stage 79:==================================>                  (129 + 16) / 200]

[Stage 79:====================================>                (139 + 16) / 200]

[Stage 79:=====================================>               (143 + 16) / 200]

[Stage 79:======================================>              (144 + 16) / 200]

[Stage 79:======================================>              (147 + 16) / 200]

[Stage 79:=========================================>           (155 + 16) / 200]

[Stage 79:==========================================>          (159 + 16) / 200]

[Stage 79:==========================================>          (160 + 16) / 200]

[Stage 79:===========================================>         (165 + 16) / 200]

[Stage 79:=============================================>       (171 + 16) / 200]

[Stage 79:==============================================>      (174 + 16) / 200]

[Stage 79:==============================================>      (175 + 16) / 200]

[Stage 79:==============================================>      (176 + 16) / 200]

[Stage 79:================================================>    (182 + 16) / 200]

[Stage 79:==================================================>  (190 + 10) / 200]

[Stage 79:===================================================>  (191 + 9) / 200]

[Stage 79:===================================================>  (192 + 8) / 200]

                                                                                
14:50:25  INFO       saved view_train                                 35816119 edges

[Stage 80:===>           (16 + 15) / 64][Stage 81:===============>(63 + 1) / 64]

                                                                                

[Stage 82:>                                                      (0 + 16) / 200]

[Stage 82:====>                                                 (15 + 16) / 200]

[Stage 82:====>                                                 (16 + 16) / 200]

[Stage 82:========>                                             (31 + 16) / 200]

[Stage 82:========>                                             (32 + 16) / 200]

[Stage 82:===========>                                          (44 + 16) / 200]

[Stage 82:============>                                         (47 + 17) / 200]

[Stage 82:============>                                         (48 + 16) / 200]

[Stage 82:===============>                                      (59 + 16) / 200]

[Stage 82:=================>                                    (64 + 16) / 200]

[Stage 82:====================>                                 (76 + 16) / 200]

[Stage 82:=====================>                                (79 + 16) / 200]

[Stage 82:=====================>                                (80 + 16) / 200]

[Stage 82:========================>                             (91 + 16) / 200]

[Stage 82:=========================>                            (95 + 16) / 200]

[Stage 82:=========================>                            (96 + 16) / 200]

[Stage 82:============================>                        (108 + 16) / 200]

[Stage 82:=============================>                       (111 + 16) / 200]

[Stage 82:=============================>                       (112 + 16) / 200]

[Stage 82:================================>                    (124 + 16) / 200]

[Stage 82:=================================>                   (127 + 16) / 200]

[Stage 82:=================================>                   (128 + 16) / 200]

[Stage 82:=====================================>               (140 + 16) / 200]

[Stage 82:=====================================>               (143 + 16) / 200]

[Stage 82:======================================>              (144 + 16) / 200]

[Stage 82:=========================================>           (156 + 16) / 200]

[Stage 82:==========================================>          (159 + 16) / 200]

[Stage 82:==========================================>          (160 + 16) / 200]

[Stage 82:=============================================>       (172 + 16) / 200]

[Stage 82:==============================================>      (175 + 16) / 200]

[Stage 82:==============================================>      (176 + 16) / 200]

[Stage 82:=================================================>   (188 + 12) / 200]

[Stage 82:===================================================>  (191 + 9) / 200]

[Stage 82:===================================================>  (192 + 8) / 200]

[Stage 82:====================================================> (193 + 7) / 200]

                                                                                
14:50:37  INFO       saved cart_train                                  4428055 edges
14:50:37  INFO       saved test pairs: 188112
14:50:37  INFO       saved val pairs:  415195
14:50:37  INFO       saved train_mask.pkl  (62033 entries)
14:50:37  INFO     Saving structural parquets to data/processed/temporal/node_mappings ...
14:50:37  INFO       product_category.parquet: 60798 rows  product_brand.parquet: 60798 rows
14:50:37  INFO     Saving vocabulary mappings to data/processed/temporal/node_mappings ...
14:50:37  INFO       user2idx: 267973 entries
14:50:37  INFO       item2idx: 60798 entries
14:50:37  INFO       category2idx: 14 entries
14:50:37  INFO       brand2idx: 2734 entries
14:50:37  INFO     node_counts.json written to data/processed/temporal/node_counts.json: {'user': 267973, 'product': 60798, 'category': 14, 'brand': 2734}
14:50:38  INFO     SparkSession stopped.
14:50:42  INFO     Cleaned up checkpoint dir: data/spark-checkpoints
14:50:42  INFO     Running pre-training sanity check ...
14:50:43  INFO     sanity_check_heterodata: starting ...
14:50:43  INFO       node type user         : num_nodes = 267973
14:50:43  INFO       node type product      : num_nodes = 60798
14:50:43  INFO       node type category     : num_nodes = 14
14:50:43  INFO       node type brand        : num_nodes = 2734
14:50:43  INFO     CHECK 1: edge_index dtype, contiguity, and bounds ...
14:50:43  INFO       PASS: all 10 edge types are int64, contiguous, and within bounds.
14:50:43  INFO     CHECK 2: bipartite user/item index spaces in train_triplets ...
14:50:43  INFO       PASS: train_triplets user ∈ [0, 267973), item ∈ [0, 60798).
14:50:43  INFO     CHECK 3: test_triplets bounds ...
14:50:43  INFO       INFO: 2852 cold-start item(s) in test set (e.g. [211, 212, 256, 408, 546]) — embedded via structural graph (category/brand), not random noise.
14:50:43  INFO       PASS: test user ∈ [0, 267973), item ∈ [0, 60798); 2852 cold-start item(s) handled via structural graph.
14:50:43  INFO     CHECK 4: no train/test leakage on (user_idx, item_idx) pairs ...
14:50:44  INFO       PASS: zero leaking (user, item) pairs between train and test.
14:50:44  INFO     sanity_check_heterodata: ALL CHECKS PASSED.  Safe to initialise model and start training.
14:50:45  INFO     Sanity check PASSED — pipeline is ready for training.
14:50:45  INFO     ============================================================
14:50:45  INFO     Data preparation complete.
14:50:45  INFO     Artifacts written to: data/processed/temporal
14:50:45  INFO     Run:
  python -m src.training.trainer --config config/training.yaml
14:50:45  INFO     ============================================================
14:50:45  INFO     Closing down clientserver connection

══════════════════════════════════════════════════════════
  Pipeline Complete  [Global Temporal Split]
══════════════════════════════════════════════════════════
[  OK ]  Total time : 25m 32s
[  OK ]  Finished   : 2026-04-07 14:50:45

[INFO ]  Artifacts written:
[INFO ]    data/processed/temporal/
[INFO ]      purchase_train_{src,dst}.npy       — purchase training edges
[INFO ]      view_train_{src,dst}.npy           — view auxiliary edges (leakage-filtered)
[INFO ]      cart_train_{src,dst}.npy           — cart auxiliary edges (leakage-filtered)
[INFO ]      test_{user,product}_idx.npy        — held-out test pairs
[INFO ]      val_{user,product}_idx.npy         — held-out val pairs
[INFO ]      train_mask.pkl                     — per-user seen-item sets (eval masking)
[INFO ]      node_counts.json                   — authoritative vocab sizes
[INFO ]    data/processed/temporal/node_mappings/
[INFO ]      product_category.parquet           — structural edges (product->category)
[INFO ]      product_brand.parquet              — structural edges (product->brand)
[INFO ]      {user,item,category,brand}2idx.json

[  OK ]  Ready for training. Run:
    python -m src.training.trainer --config config/training.yaml
