nohup: ignoring input
2026-04-04 09:08:27,540 INFO Device: CUDA
2026-04-04 09:08:27,546 INFO Edges: 4,455,936 | Users: 1,964,332 | Items: 311,668
2026-04-04 09:09:40,286 INFO Epoch [1/20] Loss: 0.6819 Time: 67.2s
2026-04-04 09:10:47,782 INFO Epoch [2/20] Loss: 0.5569 Time: 67.4s
2026-04-04 09:11:55,581 INFO Epoch [3/20] Loss: 0.2411 Time: 67.7s
2026-04-04 09:13:03,493 INFO Epoch [4/20] Loss: 0.1590 Time: 67.8s
2026-04-04 09:14:11,475 INFO Epoch [5/20] Loss: 0.1236 Time: 67.8s
2026-04-04 09:15:19,533 INFO Epoch [6/20] Loss: 0.1036 Time: 67.9s
2026-04-04 09:16:27,473 INFO Epoch [7/20] Loss: 0.0896 Time: 67.8s
2026-04-04 09:17:35,463 INFO Epoch [8/20] Loss: 0.0797 Time: 67.9s
2026-04-04 09:18:43,498 INFO Epoch [9/20] Loss: 0.0719 Time: 67.8s
2026-04-04 09:19:51,483 INFO Epoch [10/20] Loss: 0.0667 Time: 67.8s
2026-04-04 09:19:53,940 INFO Checkpoint saved: checkpoints/lightgcn/lightgcn_epoch_0010.pth (epoch 10, loss 0.0667)
2026-04-04 09:21:01,945 INFO Epoch [11/20] Loss: 0.0625 Time: 67.9s
2026-04-04 09:22:09,951 INFO Epoch [12/20] Loss: 0.0590 Time: 67.9s
2026-04-04 09:23:17,962 INFO Epoch [13/20] Loss: 0.0562 Time: 67.9s
2026-04-04 09:24:25,963 INFO Epoch [14/20] Loss: 0.0534 Time: 67.9s
2026-04-04 09:25:33,965 INFO Epoch [15/20] Loss: 0.0509 Time: 67.8s
2026-04-04 09:26:41,978 INFO Epoch [16/20] Loss: 0.0489 Time: 67.9s
2026-04-04 09:27:49,987 INFO Epoch [17/20] Loss: 0.0469 Time: 67.9s
2026-04-04 09:28:58,002 INFO Epoch [18/20] Loss: 0.0453 Time: 67.9s
2026-04-04 09:30:06,014 INFO Epoch [19/20] Loss: 0.0435 Time: 67.8s
2026-04-04 09:31:13,992 INFO Epoch [20/20] Loss: 0.0419 Time: 67.8s
2026-04-04 09:31:16,433 INFO Checkpoint saved: checkpoints/lightgcn/lightgcn_epoch_0020.pth (epoch 20, loss 0.0419)
